[ 2025-06-26 16:10:05,368 ] 1025 httpx - INFO - HTTP Request: GET https://dagshub.com/api/v1/user "HTTP/1.1 200 OK"
[ 2025-06-26 16:10:05,368 ] 107 dagshub - INFO - Accessing as Satyam255
[ 2025-06-26 16:10:05,784 ] 1025 httpx - INFO - HTTP Request: GET https://dagshub.com/api/v1/repos/Satyam255/Network_Security "HTTP/1.1 200 OK"
[ 2025-06-26 16:10:06,387 ] 1025 httpx - INFO - HTTP Request: GET https://dagshub.com/api/v1/user "HTTP/1.1 200 OK"
[ 2025-06-26 16:10:06,393 ] 107 dagshub - INFO - Initialized MLflow to track repo "Satyam255/Network_Security"
[ 2025-06-26 16:10:06,393 ] 107 dagshub - INFO - Repository Satyam255/Network_Security initialized!
[ 2025-06-26 16:10:17,399 ] 77 root - INFO - Starting training pipeline
[ 2025-06-26 16:10:17,399 ] 34 root - INFO - Initiating data ingestion process
[ 2025-06-26 16:10:20,572 ] 65 root - INFO - Performed train test split on the dataframe
[ 2025-06-26 16:10:20,572 ] 67 root - INFO - Exited split_data_as_train_test method of Data_Ingestion class
[ 2025-06-26 16:10:20,572 ] 75 root - INFO - Exporting train and test file path.
[ 2025-06-26 16:10:20,879 ] 84 root - INFO - Exported train and test file path.
[ 2025-06-26 16:10:20,880 ] 37 root - INFO - Data ingestion completed successfully
[ 2025-06-26 16:10:20,882 ] 45 root - INFO - Initiating data validation process
[ 2025-06-26 16:10:20,984 ] 32 root - INFO - Required number of columns:2
[ 2025-06-26 16:10:20,984 ] 33 root - INFO - Data frame has columns:31
[ 2025-06-26 16:10:20,984 ] 32 root - INFO - Required number of columns:2
[ 2025-06-26 16:10:20,984 ] 33 root - INFO - Data frame has columns:31
[ 2025-06-26 16:10:21,714 ] 48 root - INFO - Data validation completed successfully
[ 2025-06-26 16:10:21,714 ] 55 root - INFO - Initiating data transformation process
[ 2025-06-26 16:10:21,714 ] 67 root - INFO - Entered the initiate_data_transformation method of DataTransformation class
[ 2025-06-26 16:10:21,714 ] 69 root - INFO - Starting Data Tranmsformation
[ 2025-06-26 16:10:21,794 ] 54 root - INFO - Entered the get_data_transformer_object method of DataTransformation class
[ 2025-06-26 16:10:21,794 ] 57 root - INFO - Initialized KNNImputert with parameters: {'missing_values': nan, 'n_neighbors': 3, 'weights': 'uniform'}
[ 2025-06-26 16:10:21,851 ] 61 root - INFO - Entered the save_object method of Main utils class
[ 2025-06-26 16:10:21,859 ] 65 root - INFO - Exited the save_object method of Main utils class
[ 2025-06-26 16:10:21,859 ] 61 root - INFO - Entered the save_object method of Main utils class
[ 2025-06-26 16:10:21,870 ] 65 root - INFO - Exited the save_object method of Main utils class
[ 2025-06-26 16:10:21,873 ] 66 root - INFO - Initiating model training process
[ 2025-06-26 16:16:01,725 ] 61 root - INFO - Entered the save_object method of Main utils class
[ 2025-06-26 16:16:01,725 ] 65 root - INFO - Exited the save_object method of Main utils class
[ 2025-06-26 16:16:01,725 ] 61 root - INFO - Entered the save_object method of Main utils class
[ 2025-06-26 16:16:01,807 ] 65 root - INFO - Exited the save_object method of Main utils class
[ 2025-06-26 16:16:01,807 ] 145 root - INFO - Model trainer artifact: ModelTrainerArtifact(trained_model_file_path='Artifacts\\06_26_2025_16_10_02\\model_trainer\\trained_model\\model.pkl', train_metric_artifact=ClassificationMetricArtifact(f1_score=0.9919224555735057, precision_score=0.990722065348931, recall_score=0.9931257581884351), test_metric_artifact=ClassificationMetricArtifact(f1_score=0.9712171052631579, precision_score=0.9672399672399672, recall_score=0.9752270850536746))
[ 2025-06-26 16:16:01,815 ] 82 root - INFO - Training pipeline completed successfully
